<?xml version="1.0" encoding="UTF-8"?>
<!-- Generated by org.testng.reporters.JUnitXMLReporter -->
<testsuite hostname="Prasad-NB" ignored="2" name="netBanking1" tests="2" failures="0" timestamp="2021-05-17T10:43:51 BST" time="7.033" errors="0">
  <testcase name="login" time="2.77" classname="com.netbanking.tests.LoginTC001"/>
  <testcase name="editCustomer" time="2.136" classname="com.netbanking.tests.EditCustomerTC003"/>
  <testcase name="@BeforeSuite setUp" time="0.0" classname="com.netbanking.tests.NetBanking">
    <ignored/>
  </testcase> <!-- @BeforeSuite setUp -->
  <testcase name="@AfterSuite tearDown" time="0.0" classname="com.netbanking.tests.NetBanking">
    <ignored/>
  </testcase> <!-- @AfterSuite tearDown -->
</testsuite> <!-- netBanking1 -->
